{"devicePlatform":"","logFolder":"C:\\Users\\April\\git\\Trillia\\Reports\\Consumer\\User Settings\\2_Field Verification\\20191111_141646","runData":{"hostName":"April - April-PC","os":"Windows 7 64bit","katalonVersion":"5.4.2.1","browser":"Chrome 78.0.3904.87","hostAddress":"10.10.31.51","sessionId":"a3522f90f80bbc9f4fa567c2e12afbb0","seleniumVersion":"3.7.1","proxyInformation":"ProxyInformation{proxyOption\u003dNO_PROXY, proxyServerType\u003dHTTP, password\u003d, proxyServerAddress\u003d, proxyServerPort\u003d0}","platform":"Windows 7"},"type":"TEST_SUITE","name":"2_Field Verification","id":"Test Suites/Consumer/User Settings/2_Field Verification","source":"","message":"Test Cases/CONSUMER/Settings/Simple/Custom/a_Profile Tab/blank_DisplayPhoto FAILED because (of) Variable \u0027displayName\u0027 is not defined for test case.","description":"","startTime":1573453007855,"endTime":1573453052632,"childRecords":[{"isOptional":false,"type":"TEST_CASE","name":"Test Cases/CONSUMER/Settings/Simple/redirection_homeLinktext","id":"Test Cases/CONSUMER/Settings/Simple/redirection_homeLinktext","source":"C:\\\\Users\\\\April\\\\git\\\\Trillia\\\\Test Cases\\\\CONSUMER\\\\Settings\\\\Simple\\\\redirection_homeLinktext.tc","message":"Test Cases/CONSUMER/Settings/Simple/redirection_homeLinktext","description":"","startTime":1573453008349,"endTime":1573453047863,"childRecords":[{"testStatus":{"stackTrace":"","statusValue":"INFO"},"type":"MESSAGE","name":"","message":"Evaluating variables for test case","startTime":1573453008370,"endTime":0,"childRecords":[],"interuppted":false},{"index":1,"isIgnoredIfFailed":false,"type":"TEST_STEP","name":"waitForElementVisible","message":"Object \u0027Object Repository/CONSUMER/Settings/linktext_Home\u0027 is visible","description":"","startTime":1573453008632,"endTime":1573453009947,"childRecords":[{"testStatus":{"stackTrace":"","statusValue":"WARNING"},"type":"MESSAGE","name":"","message":"Timeout \u00270\u0027 is invalid. Using default page load timeout: \u002730\u0027","startTime":1573453009323,"endTime":0,"childRecords":[],"interuppted":false},{"testStatus":{"stackTrace":"","statusValue":"PASSED"},"type":"MESSAGE","name":"","message":"Object \u0027Object Repository/CONSUMER/Settings/linktext_Home\u0027 is visible","startTime":1573453009946,"endTime":0,"childRecords":[],"interuppted":false}],"interuppted":false},{"index":2,"isIgnoredIfFailed":false,"type":"TEST_STEP","name":"click","message":"Object: \u0027Object Repository/CONSUMER/Settings/linktext_Home\u0027 is clicked on","description":"","startTime":1573453009947,"endTime":1573453016137,"childRecords":[{"testStatus":{"stackTrace":"","statusValue":"PASSED"},"type":"MESSAGE","name":"","message":"Object: \u0027Object Repository/CONSUMER/Settings/linktext_Home\u0027 is clicked on","startTime":1573453016137,"endTime":0,"childRecords":[],"interuppted":false}],"interuppted":false},{"index":3,"isIgnoredIfFailed":false,"type":"TEST_STEP","name":"waitForElementVisible","message":"Web element with id: \u0027Object Repository/CONSUMER/Homepage/image_Item\u0027 located by \u0027By.xpath: //img[@src \u003d \u0027https://dncddemo.staging.arcadier.io/images/items/item-110126-637038708519873273-wcRu5n.jpg\u0027 and @alt \u003d \u0027NEW item 5\u0027 and @title \u003d \u0027NEW item 5\u0027]\u0027 not found","description":"","startTime":1573453016138,"endTime":1573453047445,"childRecords":[{"testStatus":{"stackTrace":"","statusValue":"WARNING"},"type":"MESSAGE","name":"","message":"Timeout \u00270\u0027 is invalid. Using default page load timeout: \u002730\u0027","startTime":1573453016142,"endTime":0,"childRecords":[],"interuppted":false},{"testStatus":{"stackTrace":"","statusValue":"WARNING"},"type":"MESSAGE","name":"","message":"Web element with id: \u0027Object Repository/CONSUMER/Homepage/image_Item\u0027 located by \u0027By.xpath: //img[@src \u003d \u0027https://dncddemo.staging.arcadier.io/images/items/item-110126-637038708519873273-wcRu5n.jpg\u0027 and @alt \u003d \u0027NEW item 5\u0027 and @title \u003d \u0027NEW item 5\u0027]\u0027 not found","startTime":1573453047443,"endTime":0,"childRecords":[],"interuppted":false}],"interuppted":false},{"index":4,"isIgnoredIfFailed":false,"type":"TEST_STEP","name":"back","message":"Navigate back successfully","description":"","startTime":1573453047446,"endTime":1573453047806,"childRecords":[{"testStatus":{"stackTrace":"","statusValue":"PASSED"},"type":"MESSAGE","name":"","message":"Navigate back successfully","startTime":1573453047805,"endTime":0,"childRecords":[],"interuppted":false}],"interuppted":false},{"index":5,"isIgnoredIfFailed":false,"type":"TEST_STEP","name":"waitForElementVisible","message":"Object \u0027Object Repository/CONSUMER/Settings/linktext_Home\u0027 is visible","description":"","startTime":1573453047806,"endTime":1573453047862,"childRecords":[{"testStatus":{"stackTrace":"","statusValue":"WARNING"},"type":"MESSAGE","name":"","message":"Timeout \u00270\u0027 is invalid. Using default page load timeout: \u002730\u0027","startTime":1573453047815,"endTime":0,"childRecords":[],"interuppted":false},{"testStatus":{"stackTrace":"","statusValue":"PASSED"},"type":"MESSAGE","name":"","message":"Object \u0027Object Repository/CONSUMER/Settings/linktext_Home\u0027 is visible","startTime":1573453047861,"endTime":0,"childRecords":[],"interuppted":false}],"interuppted":false},{"testStatus":{"stackTrace":"","statusValue":"PASSED"},"type":"MESSAGE","name":"","message":"Test Cases/CONSUMER/Settings/Simple/redirection_homeLinktext","startTime":1573453047862,"endTime":0,"childRecords":[],"interuppted":false}],"interuppted":false},{"isOptional":false,"type":"TEST_CASE","name":"Test Cases/CONSUMER/Settings/Simple/Custom/a_Profile Tab/blank_DisplayPhoto","id":"Test Cases/CONSUMER/Settings/Simple/Custom/a_Profile Tab/blank_DisplayPhoto","source":"C:\\\\Users\\\\April\\\\git\\\\Trillia\\\\Test Cases\\\\CONSUMER\\\\Settings\\\\Simple\\\\Custom\\\\a_Profile Tab\\\\blank_DisplayPhoto.tc","message":"Test Cases/CONSUMER/Settings/Simple/Custom/a_Profile Tab/blank_DisplayPhoto FAILED because (of) Variable \u0027displayName\u0027 is not defined for test case.","description":"","startTime":1573453047866,"endTime":1573453048246,"childRecords":[{"testStatus":{"stackTrace":"","statusValue":"INFO"},"type":"MESSAGE","name":"","message":"Evaluating variables for test case","startTime":1573453047875,"endTime":0,"childRecords":[],"interuppted":false},{"index":1,"isIgnoredIfFailed":false,"type":"TEST_STEP","name":"waitForElementVisible","message":"Object \u0027Object Repository/CONSUMER/Settings/textfield_DisplayName\u0027 is visible","description":"","startTime":1573453048066,"endTime":1573453048212,"childRecords":[{"testStatus":{"stackTrace":"","statusValue":"WARNING"},"type":"MESSAGE","name":"","message":"Timeout \u00270\u0027 is invalid. Using default page load timeout: \u002730\u0027","startTime":1573453048078,"endTime":0,"childRecords":[],"interuppted":false},{"testStatus":{"stackTrace":"","statusValue":"PASSED"},"type":"MESSAGE","name":"","message":"Object \u0027Object Repository/CONSUMER/Settings/textfield_DisplayName\u0027 is visible","startTime":1573453048211,"endTime":0,"childRecords":[],"interuppted":false}],"interuppted":false},{"index":2,"isIgnoredIfFailed":false,"type":"TEST_STEP","name":"comment","message":"add Display Name","description":"","startTime":1573453048213,"endTime":1573453048233,"childRecords":[],"interuppted":false},{"index":3,"isIgnoredIfFailed":false,"type":"TEST_STEP","name":"setText","message":"Finding Test Object with id \u0027Object Repository/CONSUMER/Settings/textfield_DisplayName\u0027","description":"","startTime":1573453048233,"endTime":1573453048241,"childRecords":[],"interuppted":false},{"testStatus":{"stackTrace":"","statusValue":"ERROR"},"type":"MESSAGE","name":"","message":"Test Cases/CONSUMER/Settings/Simple/Custom/a_Profile Tab/blank_DisplayPhoto FAILED because (of) Variable \u0027displayName\u0027 is not defined for test case.","startTime":1573453048242,"endTime":0,"childRecords":[],"interuppted":false}],"interuppted":false},{"isOptional":false,"type":"TEST_CASE","name":"Test Cases/CONSUMER/Settings/Simple/Custom/a_Profile Tab/blank_DisplayName","id":"Test Cases/CONSUMER/Settings/Simple/Custom/a_Profile Tab/blank_DisplayName","source":"C:\\\\Users\\\\April\\\\git\\\\Trillia\\\\Test Cases\\\\CONSUMER\\\\Settings\\\\Simple\\\\Custom\\\\a_Profile Tab\\\\blank_DisplayName.tc","message":"Test Cases/CONSUMER/Settings/Simple/Custom/a_Profile Tab/blank_DisplayName FAILED because (of) Variable \u0027firstName\u0027 is not defined for test case.","description":"","startTime":1573453048251,"endTime":1573453048542,"childRecords":[{"testStatus":{"stackTrace":"","statusValue":"INFO"},"type":"MESSAGE","name":"","message":"Evaluating variables for test case","startTime":1573453048267,"endTime":0,"childRecords":[],"interuppted":false},{"index":1,"isIgnoredIfFailed":false,"type":"TEST_STEP","name":"comment","message":"add Display Name","description":"","startTime":1573453048406,"endTime":1573453048407,"childRecords":[],"interuppted":false},{"index":2,"isIgnoredIfFailed":false,"type":"TEST_STEP","name":"clearText","message":"Text of object \u0027Object Repository/CONSUMER/Settings/textfield_DisplayName\u0027 is cleared","description":"","startTime":1573453048407,"endTime":1573453048535,"childRecords":[{"testStatus":{"stackTrace":"","statusValue":"PASSED"},"type":"MESSAGE","name":"","message":"Text of object \u0027Object Repository/CONSUMER/Settings/textfield_DisplayName\u0027 is cleared","startTime":1573453048534,"endTime":0,"childRecords":[],"interuppted":false}],"interuppted":false},{"index":3,"isIgnoredIfFailed":false,"type":"TEST_STEP","name":"comment","message":"add First Name","description":"","startTime":1573453048535,"endTime":1573453048536,"childRecords":[],"interuppted":false},{"index":4,"isIgnoredIfFailed":false,"type":"TEST_STEP","name":"setText","message":"Finding Test Object with id \u0027Object Repository/CONSUMER/Settings/textfield_FirstName\u0027","description":"","startTime":1573453048536,"endTime":1573453048541,"childRecords":[],"interuppted":false},{"testStatus":{"stackTrace":"","statusValue":"ERROR"},"type":"MESSAGE","name":"","message":"Test Cases/CONSUMER/Settings/Simple/Custom/a_Profile Tab/blank_DisplayName FAILED because (of) Variable \u0027firstName\u0027 is not defined for test case.","startTime":1573453048541,"endTime":0,"childRecords":[],"interuppted":false}],"interuppted":false},{"isOptional":false,"type":"TEST_CASE","name":"Test Cases/CONSUMER/Settings/Simple/Custom/a_Profile Tab/blank_FirstName","id":"Test Cases/CONSUMER/Settings/Simple/Custom/a_Profile Tab/blank_FirstName","source":"C:\\\\Users\\\\April\\\\git\\\\Trillia\\\\Test Cases\\\\CONSUMER\\\\Settings\\\\Simple\\\\Custom\\\\a_Profile Tab\\\\blank_FirstName.tc","message":"Test Cases/CONSUMER/Settings/Simple/Custom/a_Profile Tab/blank_FirstName FAILED because (of) Variable \u0027displayName\u0027 is not defined for test case.","description":"","startTime":1573453048545,"endTime":1573453048788,"childRecords":[{"testStatus":{"stackTrace":"","statusValue":"INFO"},"type":"MESSAGE","name":"","message":"Evaluating variables for test case","startTime":1573453048560,"endTime":0,"childRecords":[],"interuppted":false},{"testStatus":{"stackTrace":"","statusValue":"INFO"},"type":"MESSAGE","name":"","message":"Variable \u0027variable\u0027 is set to  as default","startTime":1573453048597,"endTime":0,"childRecords":[],"interuppted":false},{"index":1,"isIgnoredIfFailed":false,"type":"TEST_STEP","name":"comment","message":"add Display Name","description":"","startTime":1573453048765,"endTime":1573453048769,"childRecords":[],"interuppted":false},{"index":2,"isIgnoredIfFailed":false,"type":"TEST_STEP","name":"setText","message":"Finding Test Object with id \u0027Object Repository/CONSUMER/Settings/textfield_DisplayName\u0027","description":"","startTime":1573453048770,"endTime":1573453048786,"childRecords":[],"interuppted":false},{"testStatus":{"stackTrace":"","statusValue":"ERROR"},"type":"MESSAGE","name":"","message":"Test Cases/CONSUMER/Settings/Simple/Custom/a_Profile Tab/blank_FirstName FAILED because (of) Variable \u0027displayName\u0027 is not defined for test case.","startTime":1573453048787,"endTime":0,"childRecords":[],"interuppted":false}],"interuppted":false},{"isOptional":false,"type":"TEST_CASE","name":"Test Cases/CONSUMER/Settings/Simple/Custom/a_Profile Tab/blank_LastName","id":"Test Cases/CONSUMER/Settings/Simple/Custom/a_Profile Tab/blank_LastName","source":"C:\\\\Users\\\\April\\\\git\\\\Trillia\\\\Test Cases\\\\CONSUMER\\\\Settings\\\\Simple\\\\Custom\\\\a_Profile Tab\\\\blank_LastName.tc","message":"Test Cases/CONSUMER/Settings/Simple/Custom/a_Profile Tab/blank_LastName FAILED because (of) Variable \u0027displayName\u0027 is not defined for test case.","description":"","startTime":1573453048791,"endTime":1573453048993,"childRecords":[{"testStatus":{"stackTrace":"","statusValue":"INFO"},"type":"MESSAGE","name":"","message":"Evaluating variables for test case","startTime":1573453048840,"endTime":0,"childRecords":[],"interuppted":false},{"index":1,"isIgnoredIfFailed":false,"type":"TEST_STEP","name":"comment","message":"add Display Name","description":"","startTime":1573453048979,"endTime":1573453048980,"childRecords":[],"interuppted":false},{"index":2,"isIgnoredIfFailed":false,"type":"TEST_STEP","name":"setText","message":"Finding Test Object with id \u0027Object Repository/CONSUMER/Settings/textfield_DisplayName\u0027","description":"","startTime":1573453048981,"endTime":1573453048987,"childRecords":[],"interuppted":false},{"testStatus":{"stackTrace":"","statusValue":"ERROR"},"type":"MESSAGE","name":"","message":"Test Cases/CONSUMER/Settings/Simple/Custom/a_Profile Tab/blank_LastName FAILED because (of) Variable \u0027displayName\u0027 is not defined for test case.","startTime":1573453048992,"endTime":0,"childRecords":[],"interuppted":false}],"interuppted":false},{"isOptional":false,"type":"TEST_CASE","name":"Test Cases/CONSUMER/Settings/Simple/Custom/a_Profile Tab/blank_Email","id":"Test Cases/CONSUMER/Settings/Simple/Custom/a_Profile Tab/blank_Email","source":"C:\\\\Users\\\\April\\\\git\\\\Trillia\\\\Test Cases\\\\CONSUMER\\\\Settings\\\\Simple\\\\Custom\\\\a_Profile Tab\\\\blank_Email.tc","message":"Test Cases/CONSUMER/Settings/Simple/Custom/a_Profile Tab/blank_Email FAILED because (of) Variable \u0027displayName\u0027 is not defined for test case.","description":"","startTime":1573453050075,"endTime":1573453050271,"childRecords":[{"testStatus":{"stackTrace":"","statusValue":"INFO"},"type":"MESSAGE","name":"","message":"Evaluating variables for test case","startTime":1573453050096,"endTime":0,"childRecords":[],"interuppted":false},{"index":1,"isIgnoredIfFailed":false,"type":"TEST_STEP","name":"comment","message":"add Display Name","description":"","startTime":1573453050253,"endTime":1573453050255,"childRecords":[],"interuppted":false},{"index":2,"isIgnoredIfFailed":false,"type":"TEST_STEP","name":"setText","message":"Finding Test Object with id \u0027Object Repository/CONSUMER/Settings/textfield_DisplayName\u0027","description":"","startTime":1573453050256,"endTime":1573453050265,"childRecords":[],"interuppted":false},{"testStatus":{"stackTrace":"","statusValue":"ERROR"},"type":"MESSAGE","name":"","message":"Test Cases/CONSUMER/Settings/Simple/Custom/a_Profile Tab/blank_Email FAILED because (of) Variable \u0027displayName\u0027 is not defined for test case.","startTime":1573453050269,"endTime":0,"childRecords":[],"interuppted":false}],"interuppted":false},{"isOptional":false,"type":"TEST_CASE","name":"Test Cases/CONSUMER/Settings/Simple/Custom/a_Profile Tab/blank_ContactNo","id":"Test Cases/CONSUMER/Settings/Simple/Custom/a_Profile Tab/blank_ContactNo","source":"C:\\\\Users\\\\April\\\\git\\\\Trillia\\\\Test Cases\\\\CONSUMER\\\\Settings\\\\Simple\\\\Custom\\\\a_Profile Tab\\\\blank_ContactNo.tc","message":"Test Cases/CONSUMER/Settings/Simple/Custom/a_Profile Tab/blank_ContactNo FAILED because (of) Variable \u0027displayName\u0027 is not defined for test case.","description":"","startTime":1573453051374,"endTime":1573453052632,"childRecords":[{"testStatus":{"stackTrace":"","statusValue":"INFO"},"type":"MESSAGE","name":"","message":"Evaluating variables for test case","startTime":1573453051384,"endTime":0,"childRecords":[],"interuppted":false},{"index":1,"isIgnoredIfFailed":false,"type":"TEST_STEP","name":"comment","message":"add Display Name","description":"","startTime":1573453051478,"endTime":1573453051479,"childRecords":[],"interuppted":false},{"index":2,"isIgnoredIfFailed":false,"type":"TEST_STEP","name":"setText","message":"Finding Test Object with id \u0027Object Repository/CONSUMER/Settings/textfield_DisplayName\u0027","description":"","startTime":1573453051480,"endTime":1573453052631,"childRecords":[],"interuppted":false},{"testStatus":{"stackTrace":"","statusValue":"ERROR"},"type":"MESSAGE","name":"","message":"Test Cases/CONSUMER/Settings/Simple/Custom/a_Profile Tab/blank_ContactNo FAILED because (of) Variable \u0027displayName\u0027 is not defined for test case.","startTime":1573453052631,"endTime":0,"childRecords":[],"interuppted":false}],"interuppted":false}],"interuppted":false}