{"devicePlatform":"","logFolder":"C:\\Users\\April\\git\\Trillia\\Reports\\Consumer\\User Settings\\2_Field Verification\\20191111_140552","runData":{"hostName":"April - April-PC","os":"Windows 7 64bit","katalonVersion":"5.4.2.1","browser":"Chrome 78.0.3904.87","hostAddress":"10.10.31.51","sessionId":"a3522f90f80bbc9f4fa567c2e12afbb0","seleniumVersion":"3.7.1","proxyInformation":"ProxyInformation{proxyOption\u003dNO_PROXY, proxyServerType\u003dHTTP, password\u003d, proxyServerAddress\u003d, proxyServerPort\u003d0}","platform":"Windows 7"},"type":"TEST_SUITE","name":"2_Field Verification","id":"Test Suites/Consumer/User Settings/2_Field Verification","source":"","message":"Test Cases/CONSUMER/Settings/Simple/Custom/a_Profile Tab/blank_DisplayPhoto FAILED because (of) Variable \u0027displayName\u0027 is not defined for test case.","description":"","startTime":1573452353778,"endTime":1573452393109,"childRecords":[{"isOptional":false,"type":"TEST_CASE","name":"Test Cases/CONSUMER/Settings/Simple/redirection_homeLinktext","id":"Test Cases/CONSUMER/Settings/Simple/redirection_homeLinktext","source":"C:\\\\Users\\\\April\\\\git\\\\Trillia\\\\Test Cases\\\\CONSUMER\\\\Settings\\\\Simple\\\\redirection_homeLinktext.tc","message":"Test Cases/CONSUMER/Settings/Simple/redirection_homeLinktext","description":"","startTime":1573452354217,"endTime":1573452388534,"childRecords":[{"testStatus":{"stackTrace":"","statusValue":"INFO"},"type":"MESSAGE","name":"","message":"Evaluating variables for test case","startTime":1573452354243,"endTime":0,"childRecords":[],"interuppted":false},{"index":1,"isIgnoredIfFailed":false,"type":"TEST_STEP","name":"waitForElementVisible","message":"Object \u0027Object Repository/CONSUMER/Settings/linktext_Home\u0027 is visible","description":"","startTime":1573452354554,"endTime":1573452355870,"childRecords":[{"testStatus":{"stackTrace":"","statusValue":"WARNING"},"type":"MESSAGE","name":"","message":"Timeout \u00270\u0027 is invalid. Using default page load timeout: \u002730\u0027","startTime":1573452354947,"endTime":0,"childRecords":[],"interuppted":false},{"testStatus":{"stackTrace":"","statusValue":"PASSED"},"type":"MESSAGE","name":"","message":"Object \u0027Object Repository/CONSUMER/Settings/linktext_Home\u0027 is visible","startTime":1573452355869,"endTime":0,"childRecords":[],"interuppted":false}],"interuppted":false},{"index":2,"isIgnoredIfFailed":false,"type":"TEST_STEP","name":"click","message":"Object: \u0027Object Repository/CONSUMER/Settings/linktext_Home\u0027 is clicked on","description":"","startTime":1573452355871,"endTime":1573452356860,"childRecords":[{"testStatus":{"stackTrace":"","statusValue":"PASSED"},"type":"MESSAGE","name":"","message":"Object: \u0027Object Repository/CONSUMER/Settings/linktext_Home\u0027 is clicked on","startTime":1573452356859,"endTime":0,"childRecords":[],"interuppted":false}],"interuppted":false},{"index":3,"isIgnoredIfFailed":false,"type":"TEST_STEP","name":"waitForElementVisible","message":"Web element with id: \u0027Object Repository/CONSUMER/Homepage/image_Item\u0027 located by \u0027By.xpath: //img[@src \u003d \u0027https://dncddemo.staging.arcadier.io/images/items/item-110126-637038708519873273-wcRu5n.jpg\u0027 and @alt \u003d \u0027NEW item 5\u0027 and @title \u003d \u0027NEW item 5\u0027]\u0027 not found","description":"","startTime":1573452356860,"endTime":1573452388201,"childRecords":[{"testStatus":{"stackTrace":"","statusValue":"WARNING"},"type":"MESSAGE","name":"","message":"Timeout \u00270\u0027 is invalid. Using default page load timeout: \u002730\u0027","startTime":1573452356878,"endTime":0,"childRecords":[],"interuppted":false},{"testStatus":{"stackTrace":"","statusValue":"WARNING"},"type":"MESSAGE","name":"","message":"Web element with id: \u0027Object Repository/CONSUMER/Homepage/image_Item\u0027 located by \u0027By.xpath: //img[@src \u003d \u0027https://dncddemo.staging.arcadier.io/images/items/item-110126-637038708519873273-wcRu5n.jpg\u0027 and @alt \u003d \u0027NEW item 5\u0027 and @title \u003d \u0027NEW item 5\u0027]\u0027 not found","startTime":1573452388200,"endTime":0,"childRecords":[],"interuppted":false}],"interuppted":false},{"index":4,"isIgnoredIfFailed":false,"type":"TEST_STEP","name":"back","message":"Navigate back successfully","description":"","startTime":1573452388202,"endTime":1573452388493,"childRecords":[{"testStatus":{"stackTrace":"","statusValue":"PASSED"},"type":"MESSAGE","name":"","message":"Navigate back successfully","startTime":1573452388491,"endTime":0,"childRecords":[],"interuppted":false}],"interuppted":false},{"index":5,"isIgnoredIfFailed":false,"type":"TEST_STEP","name":"waitForElementVisible","message":"Object \u0027Object Repository/CONSUMER/Settings/linktext_Home\u0027 is visible","description":"","startTime":1573452388494,"endTime":1573452388533,"childRecords":[{"testStatus":{"stackTrace":"","statusValue":"WARNING"},"type":"MESSAGE","name":"","message":"Timeout \u00270\u0027 is invalid. Using default page load timeout: \u002730\u0027","startTime":1573452388501,"endTime":0,"childRecords":[],"interuppted":false},{"testStatus":{"stackTrace":"","statusValue":"PASSED"},"type":"MESSAGE","name":"","message":"Object \u0027Object Repository/CONSUMER/Settings/linktext_Home\u0027 is visible","startTime":1573452388532,"endTime":0,"childRecords":[],"interuppted":false}],"interuppted":false},{"testStatus":{"stackTrace":"","statusValue":"PASSED"},"type":"MESSAGE","name":"","message":"Test Cases/CONSUMER/Settings/Simple/redirection_homeLinktext","startTime":1573452388534,"endTime":0,"childRecords":[],"interuppted":false}],"interuppted":false},{"isOptional":false,"type":"TEST_CASE","name":"Test Cases/CONSUMER/Settings/Simple/Custom/a_Profile Tab/blank_DisplayPhoto","id":"Test Cases/CONSUMER/Settings/Simple/Custom/a_Profile Tab/blank_DisplayPhoto","source":"C:\\\\Users\\\\April\\\\git\\\\Trillia\\\\Test Cases\\\\CONSUMER\\\\Settings\\\\Simple\\\\Custom\\\\a_Profile Tab\\\\blank_DisplayPhoto.tc","message":"Test Cases/CONSUMER/Settings/Simple/Custom/a_Profile Tab/blank_DisplayPhoto FAILED because (of) Variable \u0027displayName\u0027 is not defined for test case.","description":"","startTime":1573452388537,"endTime":1573452388748,"childRecords":[{"testStatus":{"stackTrace":"","statusValue":"INFO"},"type":"MESSAGE","name":"","message":"Evaluating variables for test case","startTime":1573452388546,"endTime":0,"childRecords":[],"interuppted":false},{"index":1,"isIgnoredIfFailed":false,"type":"TEST_STEP","name":"comment","message":"add Display Name","description":"","startTime":1573452388709,"endTime":1573452388732,"childRecords":[],"interuppted":false},{"index":2,"isIgnoredIfFailed":false,"type":"TEST_STEP","name":"setText","message":"Finding Test Object with id \u0027Object Repository/CONSUMER/Settings/textfield_DisplayName\u0027","description":"","startTime":1573452388732,"endTime":1573452388743,"childRecords":[],"interuppted":false},{"testStatus":{"stackTrace":"","statusValue":"ERROR"},"type":"MESSAGE","name":"","message":"Test Cases/CONSUMER/Settings/Simple/Custom/a_Profile Tab/blank_DisplayPhoto FAILED because (of) Variable \u0027displayName\u0027 is not defined for test case.","startTime":1573452388744,"endTime":0,"childRecords":[],"interuppted":false}],"interuppted":false},{"isOptional":false,"type":"TEST_CASE","name":"Test Cases/CONSUMER/Settings/Simple/Custom/a_Profile Tab/blank_DisplayName","id":"Test Cases/CONSUMER/Settings/Simple/Custom/a_Profile Tab/blank_DisplayName","source":"C:\\\\Users\\\\April\\\\git\\\\Trillia\\\\Test Cases\\\\CONSUMER\\\\Settings\\\\Simple\\\\Custom\\\\a_Profile Tab\\\\blank_DisplayName.tc","message":"Test Cases/CONSUMER/Settings/Simple/Custom/a_Profile Tab/blank_DisplayName FAILED because (of) Variable \u0027firstName\u0027 is not defined for test case.","description":"","startTime":1573452388753,"endTime":1573452388953,"childRecords":[{"testStatus":{"stackTrace":"","statusValue":"INFO"},"type":"MESSAGE","name":"","message":"Evaluating variables for test case","startTime":1573452388766,"endTime":0,"childRecords":[],"interuppted":false},{"index":1,"isIgnoredIfFailed":false,"type":"TEST_STEP","name":"comment","message":"add Display Name","description":"","startTime":1573452388883,"endTime":1573452388886,"childRecords":[],"interuppted":false},{"index":2,"isIgnoredIfFailed":false,"type":"TEST_STEP","name":"clearText","message":"Text of object \u0027Object Repository/CONSUMER/Settings/textfield_DisplayName\u0027 is cleared","description":"","startTime":1573452388886,"endTime":1573452388943,"childRecords":[{"testStatus":{"stackTrace":"","statusValue":"PASSED"},"type":"MESSAGE","name":"","message":"Text of object \u0027Object Repository/CONSUMER/Settings/textfield_DisplayName\u0027 is cleared","startTime":1573452388943,"endTime":0,"childRecords":[],"interuppted":false}],"interuppted":false},{"index":3,"isIgnoredIfFailed":false,"type":"TEST_STEP","name":"comment","message":"add First Name","description":"","startTime":1573452388944,"endTime":1573452388945,"childRecords":[],"interuppted":false},{"index":4,"isIgnoredIfFailed":false,"type":"TEST_STEP","name":"setText","message":"Finding Test Object with id \u0027Object Repository/CONSUMER/Settings/textfield_FirstName\u0027","description":"","startTime":1573452388946,"endTime":1573452388951,"childRecords":[],"interuppted":false},{"testStatus":{"stackTrace":"","statusValue":"ERROR"},"type":"MESSAGE","name":"","message":"Test Cases/CONSUMER/Settings/Simple/Custom/a_Profile Tab/blank_DisplayName FAILED because (of) Variable \u0027firstName\u0027 is not defined for test case.","startTime":1573452388952,"endTime":0,"childRecords":[],"interuppted":false}],"interuppted":false},{"isOptional":false,"type":"TEST_CASE","name":"Test Cases/CONSUMER/Settings/Simple/Custom/a_Profile Tab/blank_FirstName","id":"Test Cases/CONSUMER/Settings/Simple/Custom/a_Profile Tab/blank_FirstName","source":"C:\\\\Users\\\\April\\\\git\\\\Trillia\\\\Test Cases\\\\CONSUMER\\\\Settings\\\\Simple\\\\Custom\\\\a_Profile Tab\\\\blank_FirstName.tc","message":"Test Cases/CONSUMER/Settings/Simple/Custom/a_Profile Tab/blank_FirstName FAILED because (of) Variable \u0027displayName\u0027 is not defined for test case.","description":"","startTime":1573452388956,"endTime":1573452389234,"childRecords":[{"testStatus":{"stackTrace":"","statusValue":"INFO"},"type":"MESSAGE","name":"","message":"Evaluating variables for test case","startTime":1573452388963,"endTime":0,"childRecords":[],"interuppted":false},{"testStatus":{"stackTrace":"","statusValue":"INFO"},"type":"MESSAGE","name":"","message":"Variable \u0027variable\u0027 is set to  as default","startTime":1573452389009,"endTime":0,"childRecords":[],"interuppted":false},{"index":1,"isIgnoredIfFailed":false,"type":"TEST_STEP","name":"comment","message":"add Display Name","description":"","startTime":1573452389223,"endTime":1573452389225,"childRecords":[],"interuppted":false},{"index":2,"isIgnoredIfFailed":false,"type":"TEST_STEP","name":"setText","message":"Finding Test Object with id \u0027Object Repository/CONSUMER/Settings/textfield_DisplayName\u0027","description":"","startTime":1573452389225,"endTime":1573452389232,"childRecords":[],"interuppted":false},{"testStatus":{"stackTrace":"","statusValue":"ERROR"},"type":"MESSAGE","name":"","message":"Test Cases/CONSUMER/Settings/Simple/Custom/a_Profile Tab/blank_FirstName FAILED because (of) Variable \u0027displayName\u0027 is not defined for test case.","startTime":1573452389232,"endTime":0,"childRecords":[],"interuppted":false}],"interuppted":false},{"isOptional":false,"type":"TEST_CASE","name":"Test Cases/CONSUMER/Settings/Simple/Custom/a_Profile Tab/blank_LastName","id":"Test Cases/CONSUMER/Settings/Simple/Custom/a_Profile Tab/blank_LastName","source":"C:\\\\Users\\\\April\\\\git\\\\Trillia\\\\Test Cases\\\\CONSUMER\\\\Settings\\\\Simple\\\\Custom\\\\a_Profile Tab\\\\blank_LastName.tc","message":"Test Cases/CONSUMER/Settings/Simple/Custom/a_Profile Tab/blank_LastName FAILED because (of) Variable \u0027displayName\u0027 is not defined for test case.","description":"","startTime":1573452389237,"endTime":1573452390313,"childRecords":[{"testStatus":{"stackTrace":"","statusValue":"INFO"},"type":"MESSAGE","name":"","message":"Evaluating variables for test case","startTime":1573452389255,"endTime":0,"childRecords":[],"interuppted":false},{"index":1,"isIgnoredIfFailed":false,"type":"TEST_STEP","name":"comment","message":"add Display Name","description":"","startTime":1573452389406,"endTime":1573452389407,"childRecords":[],"interuppted":false},{"index":2,"isIgnoredIfFailed":false,"type":"TEST_STEP","name":"setText","message":"Finding Test Object with id \u0027Object Repository/CONSUMER/Settings/textfield_DisplayName\u0027","description":"","startTime":1573452389408,"endTime":1573452390312,"childRecords":[],"interuppted":false},{"testStatus":{"stackTrace":"","statusValue":"ERROR"},"type":"MESSAGE","name":"","message":"Test Cases/CONSUMER/Settings/Simple/Custom/a_Profile Tab/blank_LastName FAILED because (of) Variable \u0027displayName\u0027 is not defined for test case.","startTime":1573452390312,"endTime":0,"childRecords":[],"interuppted":false}],"interuppted":false},{"isOptional":false,"type":"TEST_CASE","name":"Test Cases/CONSUMER/Settings/Simple/Custom/a_Profile Tab/blank_Email","id":"Test Cases/CONSUMER/Settings/Simple/Custom/a_Profile Tab/blank_Email","source":"C:\\\\Users\\\\April\\\\git\\\\Trillia\\\\Test Cases\\\\CONSUMER\\\\Settings\\\\Simple\\\\Custom\\\\a_Profile Tab\\\\blank_Email.tc","message":"Test Cases/CONSUMER/Settings/Simple/Custom/a_Profile Tab/blank_Email FAILED because (of) Variable \u0027displayName\u0027 is not defined for test case.","description":"","startTime":1573452390314,"endTime":1573452390588,"childRecords":[{"testStatus":{"stackTrace":"","statusValue":"INFO"},"type":"MESSAGE","name":"","message":"Evaluating variables for test case","startTime":1573452390318,"endTime":0,"childRecords":[],"interuppted":false},{"index":1,"isIgnoredIfFailed":false,"type":"TEST_STEP","name":"comment","message":"add Display Name","description":"","startTime":1573452390437,"endTime":1573452390581,"childRecords":[],"interuppted":false},{"index":2,"isIgnoredIfFailed":false,"type":"TEST_STEP","name":"setText","message":"Finding Test Object with id \u0027Object Repository/CONSUMER/Settings/textfield_DisplayName\u0027","description":"","startTime":1573452390581,"endTime":1573452390587,"childRecords":[],"interuppted":false},{"testStatus":{"stackTrace":"","statusValue":"ERROR"},"type":"MESSAGE","name":"","message":"Test Cases/CONSUMER/Settings/Simple/Custom/a_Profile Tab/blank_Email FAILED because (of) Variable \u0027displayName\u0027 is not defined for test case.","startTime":1573452390587,"endTime":0,"childRecords":[],"interuppted":false}],"interuppted":false},{"isOptional":false,"type":"TEST_CASE","name":"Test Cases/CONSUMER/Settings/Simple/Custom/a_Profile Tab/blank_ContactNo","id":"Test Cases/CONSUMER/Settings/Simple/Custom/a_Profile Tab/blank_ContactNo","source":"C:\\\\Users\\\\April\\\\git\\\\Trillia\\\\Test Cases\\\\CONSUMER\\\\Settings\\\\Simple\\\\Custom\\\\a_Profile Tab\\\\blank_ContactNo.tc","message":"Test Cases/CONSUMER/Settings/Simple/Custom/a_Profile Tab/blank_ContactNo FAILED because (of) Variable \u0027displayName\u0027 is not defined for test case.","description":"","startTime":1573452390591,"endTime":1573452391902,"childRecords":[{"testStatus":{"stackTrace":"","statusValue":"INFO"},"type":"MESSAGE","name":"","message":"Evaluating variables for test case","startTime":1573452391782,"endTime":0,"childRecords":[],"interuppted":false},{"index":1,"isIgnoredIfFailed":false,"type":"TEST_STEP","name":"comment","message":"add Display Name","description":"","startTime":1573452391893,"endTime":1573452391895,"childRecords":[],"interuppted":false},{"index":2,"isIgnoredIfFailed":false,"type":"TEST_STEP","name":"setText","message":"Finding Test Object with id \u0027Object Repository/CONSUMER/Settings/textfield_DisplayName\u0027","description":"","startTime":1573452391896,"endTime":1573452391901,"childRecords":[],"interuppted":false},{"testStatus":{"stackTrace":"","statusValue":"ERROR"},"type":"MESSAGE","name":"","message":"Test Cases/CONSUMER/Settings/Simple/Custom/a_Profile Tab/blank_ContactNo FAILED because (of) Variable \u0027displayName\u0027 is not defined for test case.","startTime":1573452391901,"endTime":0,"childRecords":[],"interuppted":false}],"interuppted":false}],"interuppted":false}