<?xml version="1.0" encoding="UTF-8"?>
<testsuites name="2_Field Verification" time="39" tests="1" failures="0" errors="6">
   <testsuite name="2_Field Verification" tests="1" failures="0" errors="6" time="39" timestamp="2019-11-11 14:05:53" hostname="April - April-PC" id="Test Suites/Consumer/User Settings/2_Field Verification">
      <properties>
         <property name="deviceName" value=""/>
         <property name="devicePlatform" value=""/>
         <property name="logFolder" value="C:\\Users\\April\\git\\Trillia\\Reports\\Consumer\\User Settings\\2_Field Verification\\20191111_140552"/>
         <property name="logFiles" value="C:\\Users\\April\\git\\Trillia\\Reports\\Consumer\\User Settings\\2_Field Verification\\20191111_140552\\execution0.log"/>
         <property name="attachments" value=""/>
         <property name="hostName" value="April - April-PC"/>
         <property name="os" value="Windows 7 64bit"/>
         <property name="katalonVersion" value="5.4.2.1"/>
         <property name="browser" value="Chrome 78.0.3904.87"/>
         <property name="hostAddress" value="10.10.31.51"/>
         <property name="sessionId" value="a3522f90f80bbc9f4fa567c2e12afbb0"/>
         <property name="seleniumVersion" value="3.7.1"/>
         <property name="proxyInformation" value="ProxyInformation{proxyOption=NO_PROXY, proxyServerType=HTTP, password=, proxyServerAddress=, proxyServerPort=0}"/>
         <property name="platform" value="Windows 7"/>
      </properties>
      <testcase name="Test Cases/CONSUMER/Settings/Simple/redirection_homeLinktext" classname="Test Cases/CONSUMER/Settings/Simple/redirection_homeLinktext" status="PASSED">
         <system-out><![CDATA[2019-11-11 14:05:54 - [TEST_CASE][PASSED] - Test Cases/CONSUMER/Settings/Simple/redirection_homeLinktext: Test Cases/CONSUMER/Settings/Simple/redirection_homeLinktext

2019-11-11 14:05:54 - [TEST_STEP][PASSED] - waitForElementVisible: Object 'Object Repository/CONSUMER/Settings/linktext_Home' is visible

2019-11-11 14:05:54 - [MESSAGE][WARNING] - Timeout '0' is invalid. Using default page load timeout: '30'

2019-11-11 14:05:55 - [MESSAGE][PASSED] - Object 'Object Repository/CONSUMER/Settings/linktext_Home' is visible

2019-11-11 14:05:55 - [TEST_STEP][PASSED] - click: Object: 'Object Repository/CONSUMER/Settings/linktext_Home' is clicked on

2019-11-11 14:05:56 - [MESSAGE][PASSED] - Object: 'Object Repository/CONSUMER/Settings/linktext_Home' is clicked on

2019-11-11 14:05:56 - [TEST_STEP][PASSED] - waitForElementVisible: Web element with id: 'Object Repository/CONSUMER/Homepage/image_Item' located by 'By.xpath: //img[@src = 'https://dncddemo.staging.arcadier.io/images/items/item-110126-637038708519873273-wcRu5n.jpg' and @alt = 'NEW item 5' and @title = 'NEW item 5']' not found

2019-11-11 14:05:56 - [MESSAGE][WARNING] - Timeout '0' is invalid. Using default page load timeout: '30'

2019-11-11 14:06:28 - [MESSAGE][WARNING] - Web element with id: 'Object Repository/CONSUMER/Homepage/image_Item' located by 'By.xpath: //img[@src = 'https://dncddemo.staging.arcadier.io/images/items/item-110126-637038708519873273-wcRu5n.jpg' and @alt = 'NEW item 5' and @title = 'NEW item 5']' not found

2019-11-11 14:06:28 - [TEST_STEP][PASSED] - back: Navigate back successfully

2019-11-11 14:06:28 - [MESSAGE][PASSED] - Navigate back successfully

2019-11-11 14:06:28 - [TEST_STEP][PASSED] - waitForElementVisible: Object 'Object Repository/CONSUMER/Settings/linktext_Home' is visible

2019-11-11 14:06:28 - [MESSAGE][WARNING] - Timeout '0' is invalid. Using default page load timeout: '30'

2019-11-11 14:06:28 - [MESSAGE][PASSED] - Object 'Object Repository/CONSUMER/Settings/linktext_Home' is visible]]></system-out>
         <system-err><![CDATA[]]></system-err>
      </testcase>
      <testcase name="Test Cases/CONSUMER/Settings/Simple/Custom/a_Profile Tab/blank_DisplayPhoto" classname="Test Cases/CONSUMER/Settings/Simple/Custom/a_Profile Tab/blank_DisplayPhoto" status="ERROR">
         <error type="ERROR" message="Test Cases/CONSUMER/Settings/Simple/Custom/a_Profile Tab/blank_DisplayPhoto FAILED because (of) Variable 'displayName' is not defined for test case."/>
         <system-out><![CDATA[2019-11-11 14:06:28 - [TEST_CASE][ERROR] - Test Cases/CONSUMER/Settings/Simple/Custom/a_Profile Tab/blank_DisplayPhoto: Test Cases/CONSUMER/Settings/Simple/Custom/a_Profile Tab/blank_DisplayPhoto FAILED because (of) Variable 'displayName' is not defined for test case.

2019-11-11 14:06:28 - [TEST_STEP][PASSED] - comment: add Display Name

2019-11-11 14:06:28 - [TEST_STEP][PASSED] - setText: Finding Test Object with id 'Object Repository/CONSUMER/Settings/textfield_DisplayName']]></system-out>
         <system-err><![CDATA[2019-11-11 14:06:28 - [TEST_CASE][ERROR] - Test Cases/CONSUMER/Settings/Simple/Custom/a_Profile Tab/blank_DisplayPhoto: Test Cases/CONSUMER/Settings/Simple/Custom/a_Profile Tab/blank_DisplayPhoto FAILED because (of) Variable 'displayName' is not defined for test case.]]></system-err>
      </testcase>
      <testcase name="Test Cases/CONSUMER/Settings/Simple/Custom/a_Profile Tab/blank_DisplayName" classname="Test Cases/CONSUMER/Settings/Simple/Custom/a_Profile Tab/blank_DisplayName" status="ERROR">
         <error type="ERROR" message="Test Cases/CONSUMER/Settings/Simple/Custom/a_Profile Tab/blank_DisplayName FAILED because (of) Variable 'firstName' is not defined for test case."/>
         <system-out><![CDATA[2019-11-11 14:06:28 - [TEST_CASE][ERROR] - Test Cases/CONSUMER/Settings/Simple/Custom/a_Profile Tab/blank_DisplayName: Test Cases/CONSUMER/Settings/Simple/Custom/a_Profile Tab/blank_DisplayName FAILED because (of) Variable 'firstName' is not defined for test case.

2019-11-11 14:06:28 - [TEST_STEP][PASSED] - comment: add Display Name

2019-11-11 14:06:28 - [TEST_STEP][PASSED] - clearText: Text of object 'Object Repository/CONSUMER/Settings/textfield_DisplayName' is cleared

2019-11-11 14:06:28 - [MESSAGE][PASSED] - Text of object 'Object Repository/CONSUMER/Settings/textfield_DisplayName' is cleared

2019-11-11 14:06:28 - [TEST_STEP][PASSED] - comment: add First Name

2019-11-11 14:06:28 - [TEST_STEP][PASSED] - setText: Finding Test Object with id 'Object Repository/CONSUMER/Settings/textfield_FirstName']]></system-out>
         <system-err><![CDATA[2019-11-11 14:06:28 - [TEST_CASE][ERROR] - Test Cases/CONSUMER/Settings/Simple/Custom/a_Profile Tab/blank_DisplayName: Test Cases/CONSUMER/Settings/Simple/Custom/a_Profile Tab/blank_DisplayName FAILED because (of) Variable 'firstName' is not defined for test case.]]></system-err>
      </testcase>
      <testcase name="Test Cases/CONSUMER/Settings/Simple/Custom/a_Profile Tab/blank_FirstName" classname="Test Cases/CONSUMER/Settings/Simple/Custom/a_Profile Tab/blank_FirstName" status="ERROR">
         <error type="ERROR" message="Test Cases/CONSUMER/Settings/Simple/Custom/a_Profile Tab/blank_FirstName FAILED because (of) Variable 'displayName' is not defined for test case."/>
         <system-out><![CDATA[2019-11-11 14:06:28 - [TEST_CASE][ERROR] - Test Cases/CONSUMER/Settings/Simple/Custom/a_Profile Tab/blank_FirstName: Test Cases/CONSUMER/Settings/Simple/Custom/a_Profile Tab/blank_FirstName FAILED because (of) Variable 'displayName' is not defined for test case.

2019-11-11 14:06:29 - [TEST_STEP][PASSED] - comment: add Display Name

2019-11-11 14:06:29 - [TEST_STEP][PASSED] - setText: Finding Test Object with id 'Object Repository/CONSUMER/Settings/textfield_DisplayName']]></system-out>
         <system-err><![CDATA[2019-11-11 14:06:28 - [TEST_CASE][ERROR] - Test Cases/CONSUMER/Settings/Simple/Custom/a_Profile Tab/blank_FirstName: Test Cases/CONSUMER/Settings/Simple/Custom/a_Profile Tab/blank_FirstName FAILED because (of) Variable 'displayName' is not defined for test case.]]></system-err>
      </testcase>
      <testcase name="Test Cases/CONSUMER/Settings/Simple/Custom/a_Profile Tab/blank_LastName" classname="Test Cases/CONSUMER/Settings/Simple/Custom/a_Profile Tab/blank_LastName" status="ERROR">
         <error type="ERROR" message="Test Cases/CONSUMER/Settings/Simple/Custom/a_Profile Tab/blank_LastName FAILED because (of) Variable 'displayName' is not defined for test case."/>
         <system-out><![CDATA[2019-11-11 14:06:29 - [TEST_CASE][ERROR] - Test Cases/CONSUMER/Settings/Simple/Custom/a_Profile Tab/blank_LastName: Test Cases/CONSUMER/Settings/Simple/Custom/a_Profile Tab/blank_LastName FAILED because (of) Variable 'displayName' is not defined for test case.

2019-11-11 14:06:29 - [TEST_STEP][PASSED] - comment: add Display Name

2019-11-11 14:06:29 - [TEST_STEP][PASSED] - setText: Finding Test Object with id 'Object Repository/CONSUMER/Settings/textfield_DisplayName']]></system-out>
         <system-err><![CDATA[2019-11-11 14:06:29 - [TEST_CASE][ERROR] - Test Cases/CONSUMER/Settings/Simple/Custom/a_Profile Tab/blank_LastName: Test Cases/CONSUMER/Settings/Simple/Custom/a_Profile Tab/blank_LastName FAILED because (of) Variable 'displayName' is not defined for test case.]]></system-err>
      </testcase>
      <testcase name="Test Cases/CONSUMER/Settings/Simple/Custom/a_Profile Tab/blank_Email" classname="Test Cases/CONSUMER/Settings/Simple/Custom/a_Profile Tab/blank_Email" status="ERROR">
         <error type="ERROR" message="Test Cases/CONSUMER/Settings/Simple/Custom/a_Profile Tab/blank_Email FAILED because (of) Variable 'displayName' is not defined for test case."/>
         <system-out><![CDATA[2019-11-11 14:06:30 - [TEST_CASE][ERROR] - Test Cases/CONSUMER/Settings/Simple/Custom/a_Profile Tab/blank_Email: Test Cases/CONSUMER/Settings/Simple/Custom/a_Profile Tab/blank_Email FAILED because (of) Variable 'displayName' is not defined for test case.

2019-11-11 14:06:30 - [TEST_STEP][PASSED] - comment: add Display Name

2019-11-11 14:06:30 - [TEST_STEP][PASSED] - setText: Finding Test Object with id 'Object Repository/CONSUMER/Settings/textfield_DisplayName']]></system-out>
         <system-err><![CDATA[2019-11-11 14:06:30 - [TEST_CASE][ERROR] - Test Cases/CONSUMER/Settings/Simple/Custom/a_Profile Tab/blank_Email: Test Cases/CONSUMER/Settings/Simple/Custom/a_Profile Tab/blank_Email FAILED because (of) Variable 'displayName' is not defined for test case.]]></system-err>
      </testcase>
      <testcase name="Test Cases/CONSUMER/Settings/Simple/Custom/a_Profile Tab/blank_ContactNo" classname="Test Cases/CONSUMER/Settings/Simple/Custom/a_Profile Tab/blank_ContactNo" status="ERROR">
         <error type="ERROR" message="Test Cases/CONSUMER/Settings/Simple/Custom/a_Profile Tab/blank_ContactNo FAILED because (of) Variable 'displayName' is not defined for test case."/>
         <system-out><![CDATA[2019-11-11 14:06:30 - [TEST_CASE][ERROR] - Test Cases/CONSUMER/Settings/Simple/Custom/a_Profile Tab/blank_ContactNo: Test Cases/CONSUMER/Settings/Simple/Custom/a_Profile Tab/blank_ContactNo FAILED because (of) Variable 'displayName' is not defined for test case.

2019-11-11 14:06:31 - [TEST_STEP][PASSED] - comment: add Display Name

2019-11-11 14:06:31 - [TEST_STEP][PASSED] - setText: Finding Test Object with id 'Object Repository/CONSUMER/Settings/textfield_DisplayName']]></system-out>
         <system-err><![CDATA[2019-11-11 14:06:30 - [TEST_CASE][ERROR] - Test Cases/CONSUMER/Settings/Simple/Custom/a_Profile Tab/blank_ContactNo: Test Cases/CONSUMER/Settings/Simple/Custom/a_Profile Tab/blank_ContactNo FAILED because (of) Variable 'displayName' is not defined for test case.]]></system-err>
      </testcase>
      <system-out><![CDATA[2019-11-11 14:05:53 - [TEST_SUITE][ERROR] - 2_Field Verification: Test Cases/CONSUMER/Settings/Simple/Custom/a_Profile Tab/blank_DisplayPhoto FAILED because (of) Variable 'displayName' is not defined for test case.]]></system-out>
      <system-err><![CDATA[2019-11-11 14:05:53 - [TEST_SUITE][ERROR] - 2_Field Verification: Test Cases/CONSUMER/Settings/Simple/Custom/a_Profile Tab/blank_DisplayPhoto FAILED because (of) Variable 'displayName' is not defined for test case.]]></system-err>
   </testsuite>
</testsuites>
