<?xml version="1.0" encoding="UTF-8"?>
<testsuites name="Checkout_DefaultFlow" time="106" tests="2" failures="1" errors="2">
   <testsuite name="Checkout_DefaultFlow" tests="2" failures="1" errors="2" time="106" timestamp="2019-07-03 16:30:19" hostname="April - April-PC" id="Test Suites/Consumer/Checkout Scenarios/Checkout_DefaultFlow">
      <properties>
         <property name="deviceName" value=""/>
         <property name="devicePlatform" value=""/>
         <property name="logFolder" value="C:\\Users\\April\\git\\Trillia\\Reports\\Consumer\\Checkout Scenarios\\Checkout_DefaultFlow\\20190703_163018"/>
         <property name="logFiles" value="C:\\Users\\April\\git\\Trillia\\Reports\\Consumer\\Checkout Scenarios\\Checkout_DefaultFlow\\20190703_163018\\execution0.log"/>
         <property name="attachments" value="C:\\Users\\April\\git\\Trillia\\Reports\\Consumer\\Checkout Scenarios\\Checkout_DefaultFlow\\20190703_163018\\1562142652028.png"/>
         <property name="hostName" value="April - April-PC"/>
         <property name="os" value="Windows 7 64bit"/>
         <property name="katalonVersion" value="5.4.2.1"/>
         <property name="browser" value="Chrome 75.0.3770.100"/>
         <property name="hostAddress" value="10.10.31.97"/>
         <property name="sessionId" value="7c9d3eee56a8c843f1d4b22c636cc8a1"/>
         <property name="seleniumVersion" value="3.7.1"/>
         <property name="proxyInformation" value="ProxyInformation{proxyOption=NO_PROXY, proxyServerType=HTTP, password=, proxyServerAddress=, proxyServerPort=0}"/>
         <property name="platform" value="Windows 7"/>
      </properties>
      <testcase name="Test Cases/Utilities/CONSUMER/Consumer Login" classname="Test Cases/Utilities/CONSUMER/Consumer Login" status="PASSED">
         <system-out><![CDATA[2019-07-03 16:30:20 - [TEST_CASE][PASSED] - Test Cases/Utilities/CONSUMER/Consumer Login: Test Cases/Utilities/CONSUMER/Consumer Login

2019-07-03 16:30:20 - [TEST_STEP][PASSED] - openBrowser: Browser is opened with url: ''

2019-07-03 16:30:23 - [MESSAGE][PASSED] - Browser is opened with url: ''

2019-07-03 16:30:23 - [TEST_STEP][PASSED] - maximizeWindow: Current window maximized

2019-07-03 16:30:24 - [MESSAGE][PASSED] - Current window maximized

2019-07-03 16:30:24 - [TEST_STEP][PASSED] - navigateToUrl: Navigate to 'http://theunmp.test.arcadier.io/' successfully

2019-07-03 16:30:27 - [MESSAGE][PASSED] - Navigate to 'http://theunmp.test.arcadier.io/' successfully

2019-07-03 16:30:27 - [TEST_STEP][PASSED] - waitForElementVisible: Object 'Object Repository/CONSUMER/Landing Page/button_Buyer Sign in' is visible

2019-07-03 16:30:27 - [MESSAGE][WARNING] - Timeout '0' is invalid. Using default page load timeout: '30'

2019-07-03 16:30:27 - [MESSAGE][PASSED] - Object 'Object Repository/CONSUMER/Landing Page/button_Buyer Sign in' is visible

2019-07-03 16:30:27 - [TEST_STEP][PASSED] - click: Object: 'Object Repository/CONSUMER/Landing Page/button_Buyer Sign in' is clicked on

2019-07-03 16:30:27 - [MESSAGE][PASSED] - Object: 'Object Repository/CONSUMER/Landing Page/button_Buyer Sign in' is clicked on

2019-07-03 16:30:27 - [TEST_STEP][PASSED] - Statement - If (ConsumerAccountType == "custom"): Object: 'Object Repository/CONSUMER/Login Buyer/a_Sign In' is clicked on

2019-07-03 16:30:27 - [TEST_STEP][PASSED] - waitForElementVisible: Object 'Object Repository/CONSUMER/Login Buyer/input_username' is visible

2019-07-03 16:30:27 - [MESSAGE][WARNING] - Timeout '0' is invalid. Using default page load timeout: '30'

2019-07-03 16:30:27 - [MESSAGE][PASSED] - Object 'Object Repository/CONSUMER/Login Buyer/input_username' is visible

2019-07-03 16:30:27 - [TEST_STEP][PASSED] - setText: Text 'patientx' is set on object 'Object Repository/CONSUMER/Login Buyer/input_username'

2019-07-03 16:30:27 - [MESSAGE][PASSED] - Text 'patientx' is set on object 'Object Repository/CONSUMER/Login Buyer/input_username'

2019-07-03 16:30:27 - [TEST_STEP][PASSED] - setText: Text 'welcome8' is set on object 'Object Repository/CONSUMER/Login Buyer/input_password'

2019-07-03 16:30:27 - [MESSAGE][PASSED] - Text 'welcome8' is set on object 'Object Repository/CONSUMER/Login Buyer/input_password'

2019-07-03 16:30:27 - [TEST_STEP][PASSED] - click: Object: 'Object Repository/CONSUMER/Login Buyer/a_Sign In' is clicked on

2019-07-03 16:30:32 - [MESSAGE][PASSED] - Object: 'Object Repository/CONSUMER/Login Buyer/a_Sign In' is clicked on]]></system-out>
         <system-err><![CDATA[]]></system-err>
      </testcase>
      <testcase name="Test Cases/CONSUMER/Checkout Scenario/search_Item" classname="Test Cases/CONSUMER/Checkout Scenario/search_Item" status="PASSED">
         <system-out><![CDATA[2019-07-03 16:30:32 - [TEST_CASE][PASSED] - Test Cases/CONSUMER/Checkout Scenario/search_Item: Test Cases/CONSUMER/Checkout Scenario/search_Item

2019-07-03 16:30:33 - [TEST_STEP][PASSED] - comment: Search Item

2019-07-03 16:30:33 - [TEST_STEP][PASSED] - waitForElementVisible: Object 'Object Repository/CONSUMER/Homepage/textfield_Search' is visible

2019-07-03 16:30:33 - [MESSAGE][WARNING] - Timeout '0' is invalid. Using default page load timeout: '30'

2019-07-03 16:30:33 - [MESSAGE][PASSED] - Object 'Object Repository/CONSUMER/Homepage/textfield_Search' is visible

2019-07-03 16:30:33 - [TEST_STEP][PASSED] - setText: Text 'Item Test Checkout' is set on object 'Object Repository/CONSUMER/Homepage/textfield_Search'

2019-07-03 16:30:33 - [MESSAGE][PASSED] - Text 'Item Test Checkout' is set on object 'Object Repository/CONSUMER/Homepage/textfield_Search'

2019-07-03 16:30:33 - [TEST_STEP][PASSED] - click: Object: 'Object Repository/CONSUMER/Homepage/button_Search' is clicked on

2019-07-03 16:30:37 - [MESSAGE][PASSED] - Object: 'Object Repository/CONSUMER/Homepage/button_Search' is clicked on

2019-07-03 16:30:37 - [TEST_STEP][PASSED] - waitForElementVisible: Object 'Object Repository/CONSUMER/Search Result Page/itembox_SearchResultPage' is visible

2019-07-03 16:30:38 - [MESSAGE][WARNING] - Timeout '0' is invalid. Using default page load timeout: '30'

2019-07-03 16:30:39 - [MESSAGE][PASSED] - Object 'Object Repository/CONSUMER/Search Result Page/itembox_SearchResultPage' is visible

2019-07-03 16:30:39 - [TEST_STEP][PASSED] - verifyElementText: Actual text and expected text of test object 'Object Repository/CONSUMER/Search Result Page/itemName_SearchResultPage' are matched.

2019-07-03 16:30:39 - [MESSAGE][PASSED] - Actual text and expected text of test object 'Object Repository/CONSUMER/Search Result Page/itemName_SearchResultPage' are matched.

2019-07-03 16:30:39 - [TEST_STEP][PASSED] - click: Object: 'Object Repository/CONSUMER/Search Result Page/itemName_SearchResultPage' is clicked on

2019-07-03 16:30:41 - [MESSAGE][PASSED] - Object: 'Object Repository/CONSUMER/Search Result Page/itemName_SearchResultPage' is clicked on]]></system-out>
         <system-err><![CDATA[]]></system-err>
      </testcase>
      <testcase name="Test Cases/CONSUMER/Checkout Scenario/AddItem_to_EvaluationWidget" classname="Test Cases/CONSUMER/Checkout Scenario/AddItem_to_EvaluationWidget" status="FAILED">
         <failure type="FAILED" message="Actual text '(Checkout 1)' and expected text 'Checkout 1' of test object 'Object Repository/CONSUMER/Evaluation Widget/textlabel_ListNameTitle' are NOT matched."/>
         <system-out><![CDATA[2019-07-03 16:30:41 - [TEST_CASE][FAILED] - Test Cases/CONSUMER/Checkout Scenario/AddItem_to_EvaluationWidget: Test Cases/CONSUMER/Checkout Scenario/AddItem_to_EvaluationWidget FAILED because (of) Actual text '(Checkout 1)' and expected text 'Checkout 1' of test object 'Object Repository/CONSUMER/Evaluation Widget/textlabel_ListNameTitle' are NOT matched.

2019-07-03 16:30:41 - [TEST_STEP][PASSED] - waitForElementVisible: Object 'Object Repository/CONSUMER/Item Details Page/button_AddtoEvaluation' is visible

2019-07-03 16:30:41 - [MESSAGE][WARNING] - Timeout '0' is invalid. Using default page load timeout: '30'

2019-07-03 16:30:41 - [MESSAGE][PASSED] - Object 'Object Repository/CONSUMER/Item Details Page/button_AddtoEvaluation' is visible

2019-07-03 16:30:41 - [TEST_STEP][PASSED] - waitForElementVisible: Object 'Object Repository/CONSUMER/Item Details Page/textlabel_MOQValue' is visible

2019-07-03 16:30:41 - [MESSAGE][WARNING] - Timeout '0' is invalid. Using default page load timeout: '30'

2019-07-03 16:30:42 - [MESSAGE][PASSED] - Object 'Object Repository/CONSUMER/Item Details Page/textlabel_MOQValue' is visible

2019-07-03 16:30:42 - [TEST_STEP][PASSED] - comment: Computation of Sub Total

2019-07-03 16:30:42 - [TEST_STEP][PASSED] - setText: Text '10' is set on object 'Object Repository/CONSUMER/Item Details Page/domainUpDown_Quantity'

2019-07-03 16:30:42 - [MESSAGE][PASSED] - Text '10' is set on object 'Object Repository/CONSUMER/Item Details Page/domainUpDown_Quantity'

2019-07-03 16:30:42 - [TEST_STEP][PASSED] - Statement - price = com.kms.katalon.core.webui.keyword.WebUiBuiltInKeywords.getText(com.kms.katalon.core.testobject.ObjectRepository.findTestObject(CONSUMER/Item Details Page/textlabel_price)): Text of object 'Object Repository/CONSUMER/Item Details Page/textlabel_price' is: '100.00'

2019-07-03 16:30:42 - [MESSAGE][PASSED] - Text of object 'Object Repository/CONSUMER/Item Details Page/textlabel_price' is: '100.00'

2019-07-03 16:30:42 - [TEST_STEP][PASSED] - Statement - quantity = com.kms.katalon.core.webui.keyword.WebUiBuiltInKeywords.getAttribute(com.kms.katalon.core.testobject.ObjectRepository.findTestObject(CONSUMER/Item Details Page/domainUpDown_Quantity), "value"): Attribute 'value' of object 'Object Repository/CONSUMER/Item Details Page/domainUpDown_Quantity' is: '10'

2019-07-03 16:30:42 - [MESSAGE][PASSED] - Attribute 'value' of object 'Object Repository/CONSUMER/Item Details Page/domainUpDown_Quantity' is: '10'

2019-07-03 16:30:42 - [TEST_STEP][PASSED] - Statement - intprice = new java.math.BigDecimal(price): null

2019-07-03 16:30:42 - [TEST_STEP][PASSED] - Statement - intquantity = new java.math.BigDecimal(quantity): null

2019-07-03 16:30:42 - [TEST_STEP][PASSED] - Statement - subtotal = intprice * intquantity: null

2019-07-03 16:30:42 - [TEST_STEP][PASSED] - Statement - df = new java.text.DecimalFormat(#,###.00): null

2019-07-03 16:30:42 - [TEST_STEP][PASSED] - Statement - println(df.format(new java.math.BigDecimal(subtotal))): null

2019-07-03 16:30:42 - [TEST_STEP][PASSED] - verifyEqual: Actual object '1,000.00' and expected object '1,000.00' are equal

2019-07-03 16:30:42 - [MESSAGE][PASSED] - Text of object 'Object Repository/CONSUMER/Item Details Page/textlabel_SubTotalPrice' is: '1,000.00'

2019-07-03 16:30:42 - [MESSAGE][PASSED] - Actual object '1,000.00' and expected object '1,000.00' are equal

2019-07-03 16:30:42 - [TEST_STEP][PASSED] - comment: Add to Evaluation Widget

2019-07-03 16:30:42 - [TEST_STEP][PASSED] - click: Object: 'Object Repository/CONSUMER/Evaluation Widget/button_up' is clicked on

2019-07-03 16:30:43 - [MESSAGE][PASSED] - Object: 'Object Repository/CONSUMER/Evaluation Widget/button_up' is clicked on

2019-07-03 16:30:43 - [TEST_STEP][PASSED] - waitForElementVisible: Object 'Object Repository/CONSUMER/Evaluation Widget/button_EvaluateItems' is visible

2019-07-03 16:30:43 - [MESSAGE][WARNING] - Timeout '0' is invalid. Using default page load timeout: '30'

2019-07-03 16:30:43 - [MESSAGE][PASSED] - Object 'Object Repository/CONSUMER/Evaluation Widget/button_EvaluateItems' is visible

2019-07-03 16:30:43 - [TEST_STEP][PASSED] - verifyElementVisible: Object 'Object Repository/CONSUMER/Evaluation Widget/dropdown_ListName' is visible

2019-07-03 16:30:45 - [MESSAGE][PASSED] - Object 'Object Repository/CONSUMER/Evaluation Widget/dropdown_ListName' is visible

2019-07-03 16:30:45 - [TEST_STEP][PASSED] - waitForElementVisible: Object 'Object Repository/CONSUMER/Evaluation Widget/container_empty' is visible

2019-07-03 16:30:45 - [MESSAGE][WARNING] - Timeout '0' is invalid. Using default page load timeout: '30'

2019-07-03 16:30:45 - [MESSAGE][PASSED] - Object 'Object Repository/CONSUMER/Evaluation Widget/container_empty' is visible

2019-07-03 16:30:45 - [TEST_STEP][PASSED] - click: Object: 'Object Repository/CONSUMER/Evaluation Widget/dropdown_ListName' is clicked on

2019-07-03 16:30:45 - [MESSAGE][PASSED] - Object: 'Object Repository/CONSUMER/Evaluation Widget/dropdown_ListName' is clicked on

2019-07-03 16:30:45 - [TEST_STEP][PASSED] - selectOptionByLabel: All options with label 'Create new list' are selected in object 'Object Repository/CONSUMER/Evaluation Widget/dropdown_ListName'  using regular expression

2019-07-03 16:30:45 - [MESSAGE][PASSED] - All options with label 'Create new list' are selected in object 'Object Repository/CONSUMER/Evaluation Widget/dropdown_ListName'  using regular expression

2019-07-03 16:30:45 - [TEST_STEP][PASSED] - waitForElementVisible: Object 'Object Repository/CONSUMER/Evaluation Widget/button_Cancel' is visible

2019-07-03 16:30:45 - [MESSAGE][WARNING] - Timeout '0' is invalid. Using default page load timeout: '30'

2019-07-03 16:30:46 - [MESSAGE][PASSED] - Object 'Object Repository/CONSUMER/Evaluation Widget/button_Cancel' is visible

2019-07-03 16:30:46 - [TEST_STEP][PASSED] - setText: Text 'Checkout 1' is set on object 'Object Repository/CONSUMER/Evaluation Widget/textfield_ListName'

2019-07-03 16:30:46 - [MESSAGE][PASSED] - Text 'Checkout 1' is set on object 'Object Repository/CONSUMER/Evaluation Widget/textfield_ListName'

2019-07-03 16:30:46 - [TEST_STEP][PASSED] - click: Object: 'Object Repository/CONSUMER/Evaluation Widget/button_Save' is clicked on

2019-07-03 16:30:46 - [MESSAGE][PASSED] - Object: 'Object Repository/CONSUMER/Evaluation Widget/button_Save' is clicked on

2019-07-03 16:30:46 - [TEST_STEP][PASSED] - waitForPageLoad: Wait for page load successfully

2019-07-03 16:30:46 - [MESSAGE][PASSED] - Wait for page load successfully

2019-07-03 16:30:46 - [TEST_STEP][PASSED] - waitForElementAttributeValue: Object 'Object Repository/CONSUMER/Evaluation Widget/textlabel_ListNameTitle' does not have attribute 'text' with value 'Checkout 1'

2019-07-03 16:30:51 - [MESSAGE][WARNING] - Object 'Object Repository/CONSUMER/Evaluation Widget/textlabel_ListNameTitle' does not have attribute 'text' with value 'Checkout 1'

2019-07-03 16:30:51 - [TEST_STEP][FAILED] - verifyElementText: Actual text '(Checkout 1)' and expected text 'Checkout 1' of test object 'Object Repository/CONSUMER/Evaluation Widget/textlabel_ListNameTitle' are NOT matched.

2019-07-03 16:30:52 - [MESSAGE][FAILED] - Actual text '(Checkout 1)' and expected text 'Checkout 1' of test object 'Object Repository/CONSUMER/Evaluation Widget/textlabel_ListNameTitle' are NOT matched.
[[ATTACHMENT|C:\\Users\\April\\git\\Trillia\\Reports\\Consumer\\Checkout Scenarios\\Checkout_DefaultFlow\\20190703_163018\\1562142652028.png]]

2019-07-03 16:30:52 - [TEST_STEP][PASSED] - click: Object: 'Object Repository/CONSUMER/Evaluation Widget/button_down' is clicked on

2019-07-03 16:30:52 - [MESSAGE][PASSED] - Object: 'Object Repository/CONSUMER/Evaluation Widget/button_down' is clicked on

2019-07-03 16:30:52 - [TEST_STEP][PASSED] - click: Object: 'Object Repository/CONSUMER/Item Details Page/button_AddtoEvaluation' is clicked on

2019-07-03 16:30:52 - [MESSAGE][PASSED] - Object: 'Object Repository/CONSUMER/Item Details Page/button_AddtoEvaluation' is clicked on

2019-07-03 16:30:52 - [TEST_STEP][PASSED] - waitForElementVisible: Web element with id: 'Object Repository/CONSUMER/Evaluation Widget/a_Delete/button_delete' located by 'By.xpath: id("react_0HLNP43KHPJPS")/div[1]/div[2]/div[@class="compare-desk active"]/div[@class="container"]/div[@class="row"]/div[@class="col-sm-9"]/div[@class="multiple-compare slick-initialized slick-slider"]/div[@class="slick-list draggable"]/div[@class="slick-track"]/div[@class="col-sm-3 slick-slide slick-current slick-active"]/div[1]/div[@class="compare-item"]/div[1]/span[@class="sup-tit"]/span[@class="delete-comp-item"]/i[@class="fa fa-times"][count(. | //i[@class = 'fa fa-times']) = count(//i[@class = 'fa fa-times'])]' not found

2019-07-03 16:30:52 - [MESSAGE][WARNING] - Timeout '0' is invalid. Using default page load timeout: '30'

2019-07-03 16:31:23 - [MESSAGE][WARNING] - Web element with id: 'Object Repository/CONSUMER/Evaluation Widget/a_Delete/button_delete' located by 'By.xpath: id("react_0HLNP43KHPJPS")/div[1]/div[2]/div[@class="compare-desk active"]/div[@class="container"]/div[@class="row"]/div[@class="col-sm-9"]/div[@class="multiple-compare slick-initialized slick-slider"]/div[@class="slick-list draggable"]/div[@class="slick-track"]/div[@class="col-sm-3 slick-slide slick-current slick-active"]/div[1]/div[@class="compare-item"]/div[1]/span[@class="sup-tit"]/span[@class="delete-comp-item"]/i[@class="fa fa-times"][count(. | //i[@class = 'fa fa-times']) = count(//i[@class = 'fa fa-times'])]' not found

2019-07-03 16:31:23 - [TEST_STEP][PASSED] - click: Object: 'Object Repository/CONSUMER/Evaluation Widget/button_EvaluateItems' is clicked on

2019-07-03 16:31:29 - [MESSAGE][PASSED] - Object: 'Object Repository/CONSUMER/Evaluation Widget/button_EvaluateItems' is clicked on]]></system-out>
         <system-err><![CDATA[2019-07-03 16:30:41 - [TEST_CASE][FAILED] - Test Cases/CONSUMER/Checkout Scenario/AddItem_to_EvaluationWidget: Test Cases/CONSUMER/Checkout Scenario/AddItem_to_EvaluationWidget FAILED because (of) Actual text '(Checkout 1)' and expected text 'Checkout 1' of test object 'Object Repository/CONSUMER/Evaluation Widget/textlabel_ListNameTitle' are NOT matched.]]></system-err>
      </testcase>
      <testcase name="Test Cases/CONSUMER/Checkout Scenario/OrderNow_EvaluationTable" classname="Test Cases/CONSUMER/Checkout Scenario/OrderNow_EvaluationTable" status="ERROR">
         <error type="ERROR" message="Test Cases/CONSUMER/Checkout Scenario/OrderNow_EvaluationTable FAILED because (of) Variable 'itemname' is not defined for test case."/>
         <system-out><![CDATA[2019-07-03 16:31:29 - [TEST_CASE][ERROR] - Test Cases/CONSUMER/Checkout Scenario/OrderNow_EvaluationTable: Test Cases/CONSUMER/Checkout Scenario/OrderNow_EvaluationTable FAILED because (of) Variable 'itemname' is not defined for test case.

2019-07-03 16:31:29 - [TEST_STEP][PASSED] - comment: Evaluation Table

2019-07-03 16:31:29 - [TEST_STEP][PASSED] - waitForElementVisible: Object 'Object Repository/CONSUMER/Evaluation Table/button_OrderNow' is visible

2019-07-03 16:31:29 - [MESSAGE][WARNING] - Timeout '0' is invalid. Using default page load timeout: '30'

2019-07-03 16:31:29 - [MESSAGE][PASSED] - Object 'Object Repository/CONSUMER/Evaluation Table/button_OrderNow' is visible

2019-07-03 16:31:29 - [TEST_STEP][PASSED] - verifyElementText: Finding Test Object with id 'Object Repository/CONSUMER/Evaluation Table/textlabel_ItemName']]></system-out>
         <system-err><![CDATA[2019-07-03 16:31:29 - [TEST_CASE][ERROR] - Test Cases/CONSUMER/Checkout Scenario/OrderNow_EvaluationTable: Test Cases/CONSUMER/Checkout Scenario/OrderNow_EvaluationTable FAILED because (of) Variable 'itemname' is not defined for test case.]]></system-err>
      </testcase>
      <testcase name="Test Cases/CONSUMER/Checkout Scenario/Checkout_DefaultFlow" classname="Test Cases/CONSUMER/Checkout Scenario/Checkout_DefaultFlow" status="ERROR">
         <error type="ERROR" message="Test Cases/CONSUMER/Checkout Scenario/Checkout_DefaultFlow FAILED because (of) Variable 'subtotal' is not defined for test case."/>
         <system-out><![CDATA[2019-07-03 16:31:29 - [TEST_CASE][ERROR] - Test Cases/CONSUMER/Checkout Scenario/Checkout_DefaultFlow: Test Cases/CONSUMER/Checkout Scenario/Checkout_DefaultFlow FAILED because (of) Variable 'subtotal' is not defined for test case.

2019-07-03 16:31:29 - [TEST_STEP][PASSED] - Statement - df = new java.text.DecimalFormat(#,###.00): null

2019-07-03 16:31:29 - [TEST_STEP][PASSED] - comment: Delivery Checkout Page

2019-07-03 16:31:29 - [TEST_STEP][PASSED] - waitForElementVisible: Object 'Object Repository/CONSUMER/Delivery Checkout Page/textlabel_FirstName' is visible

2019-07-03 16:31:29 - [MESSAGE][WARNING] - Timeout '0' is invalid. Using default page load timeout: '30'

2019-07-03 16:32:01 - [MESSAGE][PASSED] - Object 'Object Repository/CONSUMER/Delivery Checkout Page/textlabel_FirstName' is visible

2019-07-03 16:32:01 - [TEST_STEP][PASSED] - Statement - name = com.kms.katalon.core.webui.keyword.WebUiBuiltInKeywords.getText(com.kms.katalon.core.testobject.ObjectRepository.findTestObject(CONSUMER/Delivery Checkout Page/default_Name)): Text of object 'Object Repository/CONSUMER/Delivery Checkout Page/default_Name' is: 'FirstName LastName'

2019-07-03 16:32:01 - [MESSAGE][PASSED] - Text of object 'Object Repository/CONSUMER/Delivery Checkout Page/default_Name' is: 'FirstName LastName'

2019-07-03 16:32:01 - [TEST_STEP][PASSED] - Statement - address = com.kms.katalon.core.webui.keyword.WebUiBuiltInKeywords.getText(com.kms.katalon.core.testobject.ObjectRepository.findTestObject(CONSUMER/Delivery Checkout Page/default_Address)): Text of object 'Object Repository/CONSUMER/Delivery Checkout Page/default_Address' is: 'Address'

2019-07-03 16:32:02 - [MESSAGE][PASSED] - Text of object 'Object Repository/CONSUMER/Delivery Checkout Page/default_Address' is: 'Address'

2019-07-03 16:32:02 - [TEST_STEP][PASSED] - Statement - country = com.kms.katalon.core.webui.keyword.WebUiBuiltInKeywords.getText(com.kms.katalon.core.testobject.ObjectRepository.findTestObject(CONSUMER/Delivery Checkout Page/default_Country)): Text of object 'Object Repository/CONSUMER/Delivery Checkout Page/default_Country' is: 'Philippines'

2019-07-03 16:32:02 - [MESSAGE][PASSED] - Text of object 'Object Repository/CONSUMER/Delivery Checkout Page/default_Country' is: 'Philippines'

2019-07-03 16:32:02 - [TEST_STEP][PASSED] - Statement - state = com.kms.katalon.core.webui.keyword.WebUiBuiltInKeywords.getText(com.kms.katalon.core.testobject.ObjectRepository.findTestObject(CONSUMER/Delivery Checkout Page/default_State)): Text of object 'Object Repository/CONSUMER/Delivery Checkout Page/default_State' is: 'State'

2019-07-03 16:32:02 - [MESSAGE][PASSED] - Text of object 'Object Repository/CONSUMER/Delivery Checkout Page/default_State' is: 'State'

2019-07-03 16:32:02 - [TEST_STEP][PASSED] - Statement - city = com.kms.katalon.core.webui.keyword.WebUiBuiltInKeywords.getText(com.kms.katalon.core.testobject.ObjectRepository.findTestObject(CONSUMER/Delivery Checkout Page/default_City)): Text of object 'Object Repository/CONSUMER/Delivery Checkout Page/default_City' is: 'City'

2019-07-03 16:32:02 - [MESSAGE][PASSED] - Text of object 'Object Repository/CONSUMER/Delivery Checkout Page/default_City' is: 'City'

2019-07-03 16:32:02 - [TEST_STEP][PASSED] - Statement - postalcode = com.kms.katalon.core.webui.keyword.WebUiBuiltInKeywords.getText(com.kms.katalon.core.testobject.ObjectRepository.findTestObject(CONSUMER/Delivery Checkout Page/default_PostalCode)): Text of object 'Object Repository/CONSUMER/Delivery Checkout Page/default_PostalCode' is: 'Postal Code'

2019-07-03 16:32:02 - [MESSAGE][PASSED] - Text of object 'Object Repository/CONSUMER/Delivery Checkout Page/default_PostalCode' is: 'Postal Code'

2019-07-03 16:32:02 - [TEST_STEP][PASSED] - click: Object: 'Object Repository/CONSUMER/Delivery Checkout Page/default_Delivery' is clicked on

2019-07-03 16:32:02 - [MESSAGE][PASSED] - Object: 'Object Repository/CONSUMER/Delivery Checkout Page/default_Delivery' is clicked on

2019-07-03 16:32:02 - [TEST_STEP][PASSED] - scrollToElement: Scroll to object 'Object Repository/CONSUMER/Delivery Checkout Page/button_Next' successfully

2019-07-03 16:32:02 - [MESSAGE][WARNING] - Timeout '0' is invalid. Using default page load timeout: '30'

2019-07-03 16:32:02 - [MESSAGE][PASSED] - Scroll to object 'Object Repository/CONSUMER/Delivery Checkout Page/button_Next' successfully

2019-07-03 16:32:02 - [TEST_STEP][PASSED] - click: Object: 'Object Repository/CONSUMER/Delivery Checkout Page/button_Next' is clicked on

2019-07-03 16:32:02 - [MESSAGE][PASSED] - Object: 'Object Repository/CONSUMER/Delivery Checkout Page/button_Next' is clicked on

2019-07-03 16:32:02 - [TEST_STEP][PASSED] - comment: Checkout Review Page

2019-07-03 16:32:02 - [TEST_STEP][PASSED] - waitForElementVisible: Object 'Object Repository/CONSUMER/Checkout Review Page/button_ConfirmOrder' is visible

2019-07-03 16:32:02 - [MESSAGE][WARNING] - Timeout '0' is invalid. Using default page load timeout: '30'

2019-07-03 16:32:04 - [MESSAGE][PASSED] - Object 'Object Repository/CONSUMER/Checkout Review Page/button_ConfirmOrder' is visible

2019-07-03 16:32:04 - [TEST_STEP][PASSED] - verifyElementText: Actual text and expected text of test object 'Object Repository/CONSUMER/Checkout Review Page/textlabel_ConsumerName' are matched.

2019-07-03 16:32:04 - [MESSAGE][PASSED] - Actual text and expected text of test object 'Object Repository/CONSUMER/Checkout Review Page/textlabel_ConsumerName' are matched.

2019-07-03 16:32:04 - [TEST_STEP][PASSED] - verifyElementText: Actual text and expected text of test object 'Object Repository/CONSUMER/Checkout Review Page/textlabel_Address' are matched.

2019-07-03 16:32:05 - [MESSAGE][PASSED] - Actual text and expected text of test object 'Object Repository/CONSUMER/Checkout Review Page/textlabel_Address' are matched.

2019-07-03 16:32:05 - [TEST_STEP][PASSED] - verifyElementText: Actual text and expected text of test object 'Object Repository/CONSUMER/Checkout Review Page/textlabel_Country' are matched.

2019-07-03 16:32:05 - [MESSAGE][PASSED] - Actual text and expected text of test object 'Object Repository/CONSUMER/Checkout Review Page/textlabel_Country' are matched.

2019-07-03 16:32:05 - [TEST_STEP][PASSED] - verifyElementText: Actual text and expected text of test object 'Object Repository/CONSUMER/Checkout Review Page/textlabel_City' are matched.

2019-07-03 16:32:05 - [MESSAGE][PASSED] - Actual text and expected text of test object 'Object Repository/CONSUMER/Checkout Review Page/textlabel_City' are matched.

2019-07-03 16:32:05 - [TEST_STEP][PASSED] - verifyElementText: Actual text and expected text of test object 'Object Repository/CONSUMER/Checkout Review Page/textlabel_State' are matched.

2019-07-03 16:32:05 - [MESSAGE][PASSED] - Actual text and expected text of test object 'Object Repository/CONSUMER/Checkout Review Page/textlabel_State' are matched.

2019-07-03 16:32:05 - [TEST_STEP][PASSED] - verifyElementText: Actual text and expected text of test object 'Object Repository/CONSUMER/Checkout Review Page/textlabel_PostalCode' are matched.

2019-07-03 16:32:05 - [MESSAGE][PASSED] - Actual text and expected text of test object 'Object Repository/CONSUMER/Checkout Review Page/textlabel_PostalCode' are matched.

2019-07-03 16:32:05 - [TEST_STEP][PASSED] - click: Object: 'Object Repository/CONSUMER/Checkout Review Page/button_radio1' is clicked on

2019-07-03 16:32:05 - [MESSAGE][PASSED] - Object: 'Object Repository/CONSUMER/Checkout Review Page/button_radio1' is clicked on

2019-07-03 16:32:05 - [TEST_STEP][PASSED] - comment: Computation of Total Price

2019-07-03 16:32:05 - [TEST_STEP][PASSED] - Statement - actualSubtotal = com.kms.katalon.core.webui.keyword.WebUiBuiltInKeywords.getText(com.kms.katalon.core.testobject.ObjectRepository.findTestObject(Object Repository/CONSUMER/Checkout Review Page/textlabel_SubTotalValue)): Text of object 'Object Repository/CONSUMER/Checkout Review Page/textlabel_SubTotalValue' is: '1,000.00'

2019-07-03 16:32:05 - [MESSAGE][PASSED] - Text of object 'Object Repository/CONSUMER/Checkout Review Page/textlabel_SubTotalValue' is: '1,000.00'

2019-07-03 16:32:05 - [TEST_STEP][PASSED] - verifyEqual: null]]></system-out>
         <system-err><![CDATA[2019-07-03 16:31:29 - [TEST_CASE][ERROR] - Test Cases/CONSUMER/Checkout Scenario/Checkout_DefaultFlow: Test Cases/CONSUMER/Checkout Scenario/Checkout_DefaultFlow FAILED because (of) Variable 'subtotal' is not defined for test case.]]></system-err>
      </testcase>
      <system-out><![CDATA[2019-07-03 16:30:19 - [TEST_SUITE][FAILED] - Checkout_DefaultFlow: Test Cases/CONSUMER/Checkout Scenario/AddItem_to_EvaluationWidget FAILED because (of) Actual text '(Checkout 1)' and expected text 'Checkout 1' of test object 'Object Repository/CONSUMER/Evaluation Widget/textlabel_ListNameTitle' are NOT matched.]]></system-out>
      <system-err><![CDATA[2019-07-03 16:30:19 - [TEST_SUITE][FAILED] - Checkout_DefaultFlow: Test Cases/CONSUMER/Checkout Scenario/AddItem_to_EvaluationWidget FAILED because (of) Actual text '(Checkout 1)' and expected text 'Checkout 1' of test object 'Object Repository/CONSUMER/Evaluation Widget/textlabel_ListNameTitle' are NOT matched.]]></system-err>
   </testsuite>
</testsuites>
